<?xml version="1.0" encoding="UTF-8"?>
<!-- Generated by org.testng.reporters.JUnitReportReporter -->
<testsuite hostname="DESKTOP-9LHQ8SA" name="com.thread.automation.testRunner.TestRunner" tests="1" failures="0" timestamp="16 Oct 2017 04:37:01 GMT" time="26.098" errors="0">
  <testcase name="feature" time="26.098" classname="com.thread.automation.testRunner.TestRunner"/>
</testsuite> <!-- com.thread.automation.testRunner.TestRunner -->
