<?xml version="1.0" encoding="UTF-8"?>
<!-- Generated by org.testng.reporters.JUnitReportReporter -->
<testsuite hostname="DESKTOP-9LHQ8SA" name="com.thread.automation.testRunner.TestRunner" tests="1" failures="0" timestamp="16 Oct 2017 05:03:09 GMT" time="25.525" errors="0">
  <testcase name="feature" time="25.525" classname="com.thread.automation.testRunner.TestRunner"/>
</testsuite> <!-- com.thread.automation.testRunner.TestRunner -->
