<?xml version="1.0" encoding="UTF-8"?>
<!-- Generated by org.testng.reporters.JUnitReportReporter -->
<testsuite hostname="DESKTOP-9LHQ8SA" name="com.thread.automation.testRunner.TestRunner" tests="1" failures="0" timestamp="18 Sep 2017 14:37:41 GMT" time="0.641" errors="0">
  <testcase name="feature" time="0.641" classname="com.thread.automation.testRunner.TestRunner"/>
</testsuite> <!-- com.thread.automation.testRunner.TestRunner -->
