<?xml version="1.0" encoding="UTF-8"?>
<!-- Generated by org.testng.reporters.JUnitReportReporter -->
<testsuite hostname="DESKTOP-9LHQ8SA" name="com.thread.automation.testRunner.TestRunner" tests="1" failures="0" timestamp="14 Oct 2017 08:14:56 GMT" time="19.256" errors="0">
  <testcase name="feature" time="19.256" classname="com.thread.automation.testRunner.TestRunner"/>
</testsuite> <!-- com.thread.automation.testRunner.TestRunner -->
